Flow report for Counter_irregularities
Mon Oct 19 12:35:04 2015
Quartus II 64-Bit Version 13.0.1 Build 232 06/12/2013 Service Pack 1 SJ Full Version


---------------------
; Table of Contents ;
---------------------
  1. Legal Notice
  2. Flow Summary
  3. Flow Settings
  4. Flow Non-Default Global Settings
  5. Flow Elapsed Time
  6. Flow OS Summary
  7. Flow Log
  8. Flow Messages
  9. Flow Suppressed Messages



----------------
; Legal Notice ;
----------------
Copyright (C) 1991-2013 Altera Corporation
Your use of Altera Corporation's design tools, logic functions 
and other software and tools, and its AMPP partner logic 
functions, and any output files from any of the foregoing 
(including device programming or simulation files), and any 
associated documentation or information are expressly subject 
to the terms and conditions of the Altera Program License 
Subscription Agreement, Altera MegaCore Function License 
Agreement, or other applicable license agreement, including, 
without limitation, that your use is for the sole purpose of 
programming logic devices manufactured by Altera and sold by 
Altera or its authorized distributors.  Please refer to the 
applicable agreement for further details.



+---------------------------------------------------------------------------------------+
; Flow Summary                                                                          ;
+------------------------------------+--------------------------------------------------+
; Flow Status                        ; Successful - Mon Oct 19 12:35:04 2015            ;
; Quartus II 64-Bit Version          ; 13.0.1 Build 232 06/12/2013 SP 1 SJ Full Version ;
; Revision Name                      ; Counter_irregularities                           ;
; Top-level Entity Name              ; top_glitch_detection                             ;
; Family                             ; Cyclone II                                       ;
; Device                             ; EP2C35F672C6                                     ;
; Timing Models                      ; Final                                            ;
; Total logic elements               ; 5 / 33,216 ( < 1 % )                             ;
;     Total combinational functions  ; 5 / 33,216 ( < 1 % )                             ;
;     Dedicated logic registers      ; 5 / 33,216 ( < 1 % )                             ;
; Total registers                    ; 5                                                ;
; Total pins                         ; 12 / 475 ( 3 % )                                 ;
; Total virtual pins                 ; 0                                                ;
; Total memory bits                  ; 0 / 483,840 ( 0 % )                              ;
; Embedded Multiplier 9-bit elements ; 0 / 70 ( 0 % )                                   ;
; Total PLLs                         ; 0 / 4 ( 0 % )                                    ;
+------------------------------------+--------------------------------------------------+


+--------------------------------------------+
; Flow Settings                              ;
+-------------------+------------------------+
; Option            ; Setting                ;
+-------------------+------------------------+
; Start date & time ; 10/19/2015 12:34:36    ;
; Main task         ; Compilation            ;
; Revision Name     ; Counter_irregularities ;
+-------------------+------------------------+


+------------------------------------------------------------------------------------------------------------------------------------------------------------------------------------------+
; Flow Non-Default Global Settings                                                                                                                                                         ;
+-------------------------------------+-----------------------------------------------------------------------------------+------------------------+----------------------+----------------+
; Assignment Name                     ; Value                                                                             ; Default Value          ; Entity Name          ; Section Id     ;
+-------------------------------------+-----------------------------------------------------------------------------------+------------------------+----------------------+----------------+
; COMPILER_SIGNATURE_ID               ; 264840316757912.144525087608649                                                   ; --                     ; --                   ; --             ;
; EDA_OUTPUT_DATA_FORMAT              ; Vhdl                                                                              ; --                     ; --                   ; eda_simulation ;
; EDA_SIMULATION_TOOL                 ; QuestaSim (VHDL)                                                                  ; <None>                 ; --                   ; --             ;
; EDA_TIME_SCALE                      ; 1 ps                                                                              ; --                     ; --                   ; eda_simulation ;
; ENABLE_SIGNALTAP                    ; On                                                                                ; --                     ; --                   ; --             ;
; MAX_CORE_JUNCTION_TEMP              ; 85                                                                                ; --                     ; --                   ; --             ;
; MIN_CORE_JUNCTION_TEMP              ; 0                                                                                 ; --                     ; --                   ; --             ;
; PARTITION_COLOR                     ; 16764057                                                                          ; --                     ; top_glitch_detection ; Top            ;
; PARTITION_FITTER_PRESERVATION_LEVEL ; PLACEMENT_AND_ROUTING                                                             ; --                     ; top_glitch_detection ; Top            ;
; PARTITION_NETLIST_TYPE              ; SOURCE                                                                            ; --                     ; top_glitch_detection ; Top            ;
; POWER_BOARD_THERMAL_MODEL           ; None (CONSERVATIVE)                                                               ; --                     ; --                   ; --             ;
; POWER_PRESET_COOLING_SOLUTION       ; 23 MM HEAT SINK WITH 200 LFPM AIRFLOW                                             ; --                     ; --                   ; --             ;
; PROJECT_OUTPUT_DIRECTORY            ; output_files                                                                      ; --                     ; --                   ; --             ;
; SLD_FILE                            ; /home/katrin/Documents/a_PA_glitches/Cyclone_II/Synthese_5/stp1_auto_stripped.stp ; --                     ; --                   ; --             ;
; TOP_LEVEL_ENTITY                    ; top_glitch_detection                                                              ; Counter_irregularities ; --                   ; --             ;
; USE_SIGNALTAP_FILE                  ; stp1.stp                                                                          ; --                     ; --                   ; --             ;
; VHDL_INPUT_VERSION                  ; VHDL_2008                                                                         ; VHDL_1993              ; --                   ; --             ;
; VHDL_SHOW_LMF_MAPPING_MESSAGES      ; Off                                                                               ; --                     ; --                   ; --             ;
+-------------------------------------+-----------------------------------------------------------------------------------+------------------------+----------------------+----------------+


+-------------------------------------------------------------------------------------------------------------------------------+
; Flow Elapsed Time                                                                                                             ;
+---------------------------+--------------+-------------------------+---------------------+------------------------------------+
; Module Name               ; Elapsed Time ; Average Processors Used ; Peak Virtual Memory ; Total CPU Time (on all processors) ;
+---------------------------+--------------+-------------------------+---------------------+------------------------------------+
; Analysis & Synthesis      ; 00:00:02     ; 1.0                     ; 626 MB              ; 00:00:02                           ;
; Fitter                    ; 00:00:08     ; 1.5                     ; 769 MB              ; 00:00:10                           ;
; Assembler                 ; 00:00:03     ; 1.0                     ; 564 MB              ; 00:00:03                           ;
; TimeQuest Timing Analyzer ; 00:00:01     ; 1.0                     ; 521 MB              ; 00:00:01                           ;
; EDA Netlist Writer        ; 00:00:01     ; 1.0                     ; 801 MB              ; 00:00:01                           ;
; Total                     ; 00:00:15     ; --                      ; --                  ; 00:00:17                           ;
+---------------------------+--------------+-------------------------+---------------------+------------------------------------+


+---------------------------------------------------------------------------------------------+
; Flow OS Summary                                                                             ;
+---------------------------+------------------+----------------+------------+----------------+
; Module Name               ; Machine Hostname ; OS Name        ; OS Version ; Processor type ;
+---------------------------+------------------+----------------+------------+----------------+
; Analysis & Synthesis      ; ThinkPadHPMM     ; Ubuntu 14.04.3 ; 14         ; x86_64         ;
; Fitter                    ; ThinkPadHPMM     ; Ubuntu 14.04.3 ; 14         ; x86_64         ;
; Assembler                 ; ThinkPadHPMM     ; Ubuntu 14.04.3 ; 14         ; x86_64         ;
; TimeQuest Timing Analyzer ; ThinkPadHPMM     ; Ubuntu 14.04.3 ; 14         ; x86_64         ;
; EDA Netlist Writer        ; ThinkPadHPMM     ; Ubuntu 14.04.3 ; 14         ; x86_64         ;
+---------------------------+------------------+----------------+------------+----------------+


------------
; Flow Log ;
------------
quartus_map --read_settings_files=on --write_settings_files=off Counter_irregularities -c Counter_irregularities
quartus_fit --read_settings_files=off --write_settings_files=off Counter_irregularities -c Counter_irregularities
quartus_asm --read_settings_files=off --write_settings_files=off Counter_irregularities -c Counter_irregularities
quartus_sta Counter_irregularities -c Counter_irregularities
quartus_eda --read_settings_files=off --write_settings_files=off Counter_irregularities -c Counter_irregularities



